[28-Feb-2023 00:10:14 UTC] PHP Deprecated:  Required parameter $post follows optional parameter $content in /home/alcurnia360/public_html/wp-includes/functions.php on line 816
[28-Feb-2023 00:10:14 UTC] PHP Warning:  Private methods cannot be final as they are never overridden by other classes in /home/alcurnia360/public_html/wp-includes/class-wp-session-tokens.php on line 69
[28-Feb-2023 00:10:14 UTC] PHP Deprecated:  Required parameter $tt_id follows optional parameter $object_id in /home/alcurnia360/public_html/wp-includes/nav-menu.php on line 1052
[28-Feb-2023 00:10:14 UTC] PHP Deprecated:  Required parameter $taxonomy follows optional parameter $object_id in /home/alcurnia360/public_html/wp-includes/nav-menu.php on line 1052
[28-Feb-2023 00:10:14 UTC] PHP Deprecated:  Required parameter $block_attributes follows optional parameter $block_name in /home/alcurnia360/public_html/wp-includes/blocks.php on line 191
[28-Feb-2023 00:10:14 UTC] PHP Deprecated:  Required parameter $block_content follows optional parameter $block_name in /home/alcurnia360/public_html/wp-includes/blocks.php on line 191
[28-Feb-2023 00:10:14 UTC] PHP Deprecated:  Required parameter $slide follows optional parameter $blank in /home/alcurnia360/public_html/wp-content/plugins/revslider/admin/includes/plugin-update.class.php on line 2767
[28-Feb-2023 00:10:14 UTC] PHP Deprecated:  Required parameter $slider follows optional parameter $blank in /home/alcurnia360/public_html/wp-content/plugins/revslider/admin/includes/plugin-update.class.php on line 2767
[28-Feb-2023 00:10:14 UTC] PHP Deprecated:  Required parameter $access_token follows optional parameter $item_count in /home/alcurnia360/public_html/wp-content/plugins/revslider/includes/external-sources.class.php on line 68
[28-Feb-2023 00:10:14 UTC] PHP Deprecated:  Required parameter $access_token follows optional parameter $item_count in /home/alcurnia360/public_html/wp-content/plugins/revslider/includes/external-sources.class.php on line 85
[28-Feb-2023 00:10:14 UTC] PHP Deprecated:  Required parameter $current_photoset follows optional parameter $item_count in /home/alcurnia360/public_html/wp-content/plugins/revslider/includes/external-sources.class.php on line 1367
[28-Feb-2023 00:10:19 UTC] PHP Deprecated:  Required parameter $post follows optional parameter $content in /home/alcurnia360/public_html/wp-includes/functions.php on line 816
[28-Feb-2023 00:10:19 UTC] PHP Warning:  Private methods cannot be final as they are never overridden by other classes in /home/alcurnia360/public_html/wp-includes/class-wp-session-tokens.php on line 69
[28-Feb-2023 00:10:19 UTC] PHP Deprecated:  Required parameter $tt_id follows optional parameter $object_id in /home/alcurnia360/public_html/wp-includes/nav-menu.php on line 1052
[28-Feb-2023 00:10:19 UTC] PHP Deprecated:  Required parameter $taxonomy follows optional parameter $object_id in /home/alcurnia360/public_html/wp-includes/nav-menu.php on line 1052
[28-Feb-2023 00:10:19 UTC] PHP Deprecated:  Required parameter $block_attributes follows optional parameter $block_name in /home/alcurnia360/public_html/wp-includes/blocks.php on line 191
[28-Feb-2023 00:10:19 UTC] PHP Deprecated:  Required parameter $block_content follows optional parameter $block_name in /home/alcurnia360/public_html/wp-includes/blocks.php on line 191
[28-Feb-2023 00:10:19 UTC] PHP Deprecated:  Required parameter $slide follows optional parameter $blank in /home/alcurnia360/public_html/wp-content/plugins/revslider/admin/includes/plugin-update.class.php on line 2767
[28-Feb-2023 00:10:19 UTC] PHP Deprecated:  Required parameter $slider follows optional parameter $blank in /home/alcurnia360/public_html/wp-content/plugins/revslider/admin/includes/plugin-update.class.php on line 2767
[28-Feb-2023 00:10:19 UTC] PHP Deprecated:  Required parameter $access_token follows optional parameter $item_count in /home/alcurnia360/public_html/wp-content/plugins/revslider/includes/external-sources.class.php on line 68
[28-Feb-2023 00:10:19 UTC] PHP Deprecated:  Required parameter $access_token follows optional parameter $item_count in /home/alcurnia360/public_html/wp-content/plugins/revslider/includes/external-sources.class.php on line 85
[28-Feb-2023 00:10:19 UTC] PHP Deprecated:  Required parameter $current_photoset follows optional parameter $item_count in /home/alcurnia360/public_html/wp-content/plugins/revslider/includes/external-sources.class.php on line 1367
[28-Feb-2023 00:10:19 UTC] PHP Warning:  require_once(/home/alcurnia360/public_html/wp-content/themes/betheme/functions/importer/class-mfn-importer.php): Failed to open stream: No such file or directory in /home/alcurnia360/public_html/wp-content/themes/betheme/functions.php on line 183
[28-Feb-2023 00:10:19 UTC] PHP Fatal error:  Uncaught Error: Failed opening required '/home/alcurnia360/public_html/wp-content/themes/betheme/functions/importer/class-mfn-importer.php' (include_path='.:/opt/cpanel/ea-php80/root/usr/share/pear') in /home/alcurnia360/public_html/wp-content/themes/betheme/functions.php:183
Stack trace:
#0 /home/alcurnia360/public_html/wp-settings.php(497): include()
#1 /home/alcurnia360/public_html/wp-config.php(95): require_once('/home/alcurnia3...')
#2 /home/alcurnia360/public_html/wp-load.php(37): require_once('/home/alcurnia3...')
#3 /home/alcurnia360/public_html/wp-admin/admin.php(34): require_once('/home/alcurnia3...')
#4 /home/alcurnia360/public_html/wp-admin/index.php(10): require_once('/home/alcurnia3...')
#5 {main}
  thrown in /home/alcurnia360/public_html/wp-content/themes/betheme/functions.php on line 183
[28-Feb-2023 00:11:35 UTC] PHP Deprecated:  Required parameter $post follows optional parameter $content in /home/alcurnia360/public_html/wp-includes/functions.php on line 816
[28-Feb-2023 00:11:35 UTC] PHP Warning:  Private methods cannot be final as they are never overridden by other classes in /home/alcurnia360/public_html/wp-includes/class-wp-session-tokens.php on line 69
[28-Feb-2023 00:11:36 UTC] PHP Deprecated:  Required parameter $tt_id follows optional parameter $object_id in /home/alcurnia360/public_html/wp-includes/nav-menu.php on line 1052
[28-Feb-2023 00:11:36 UTC] PHP Deprecated:  Required parameter $taxonomy follows optional parameter $object_id in /home/alcurnia360/public_html/wp-includes/nav-menu.php on line 1052
[28-Feb-2023 00:11:36 UTC] PHP Deprecated:  Required parameter $block_attributes follows optional parameter $block_name in /home/alcurnia360/public_html/wp-includes/blocks.php on line 191
[28-Feb-2023 00:11:36 UTC] PHP Deprecated:  Required parameter $block_content follows optional parameter $block_name in /home/alcurnia360/public_html/wp-includes/blocks.php on line 191
[28-Feb-2023 00:11:36 UTC] PHP Deprecated:  Required parameter $slide follows optional parameter $blank in /home/alcurnia360/public_html/wp-content/plugins/revslider/admin/includes/plugin-update.class.php on line 2767
[28-Feb-2023 00:11:36 UTC] PHP Deprecated:  Required parameter $slider follows optional parameter $blank in /home/alcurnia360/public_html/wp-content/plugins/revslider/admin/includes/plugin-update.class.php on line 2767
[28-Feb-2023 00:11:36 UTC] PHP Deprecated:  Required parameter $access_token follows optional parameter $item_count in /home/alcurnia360/public_html/wp-content/plugins/revslider/includes/external-sources.class.php on line 68
[28-Feb-2023 00:11:36 UTC] PHP Deprecated:  Required parameter $access_token follows optional parameter $item_count in /home/alcurnia360/public_html/wp-content/plugins/revslider/includes/external-sources.class.php on line 85
[28-Feb-2023 00:11:36 UTC] PHP Deprecated:  Required parameter $current_photoset follows optional parameter $item_count in /home/alcurnia360/public_html/wp-content/plugins/revslider/includes/external-sources.class.php on line 1367
[28-Feb-2023 00:11:36 UTC] PHP Warning:  require_once(/home/alcurnia360/public_html/wp-content/themes/betheme/functions/importer/class-mfn-importer.php): Failed to open stream: No such file or directory in /home/alcurnia360/public_html/wp-content/themes/betheme/functions.php on line 183
[28-Feb-2023 00:11:36 UTC] PHP Fatal error:  Uncaught Error: Failed opening required '/home/alcurnia360/public_html/wp-content/themes/betheme/functions/importer/class-mfn-importer.php' (include_path='.:/opt/cpanel/ea-php80/root/usr/share/pear') in /home/alcurnia360/public_html/wp-content/themes/betheme/functions.php:183
Stack trace:
#0 /home/alcurnia360/public_html/wp-settings.php(497): include()
#1 /home/alcurnia360/public_html/wp-config.php(95): require_once('/home/alcurnia3...')
#2 /home/alcurnia360/public_html/wp-load.php(37): require_once('/home/alcurnia3...')
#3 /home/alcurnia360/public_html/wp-admin/admin.php(34): require_once('/home/alcurnia3...')
#4 /home/alcurnia360/public_html/wp-admin/index.php(10): require_once('/home/alcurnia3...')
#5 {main}
  thrown in /home/alcurnia360/public_html/wp-content/themes/betheme/functions.php on line 183
[28-Feb-2023 00:13:57 UTC] PHP Deprecated:  Required parameter $post follows optional parameter $content in /home/alcurnia360/public_html/wp-includes/functions.php on line 816
[28-Feb-2023 00:13:58 UTC] PHP Warning:  Private methods cannot be final as they are never overridden by other classes in /home/alcurnia360/public_html/wp-includes/class-wp-session-tokens.php on line 69
[28-Feb-2023 00:13:59 UTC] PHP Deprecated:  Required parameter $tt_id follows optional parameter $object_id in /home/alcurnia360/public_html/wp-includes/nav-menu.php on line 1052
[28-Feb-2023 00:13:59 UTC] PHP Deprecated:  Required parameter $taxonomy follows optional parameter $object_id in /home/alcurnia360/public_html/wp-includes/nav-menu.php on line 1052
[28-Feb-2023 00:13:59 UTC] PHP Deprecated:  Required parameter $block_attributes follows optional parameter $block_name in /home/alcurnia360/public_html/wp-includes/blocks.php on line 191
[28-Feb-2023 00:13:59 UTC] PHP Deprecated:  Required parameter $block_content follows optional parameter $block_name in /home/alcurnia360/public_html/wp-includes/blocks.php on line 191
[28-Feb-2023 00:13:59 UTC] PHP Deprecated:  Required parameter $slide follows optional parameter $blank in /home/alcurnia360/public_html/wp-content/plugins/revslider/admin/includes/plugin-update.class.php on line 2767
[28-Feb-2023 00:13:59 UTC] PHP Deprecated:  Required parameter $slider follows optional parameter $blank in /home/alcurnia360/public_html/wp-content/plugins/revslider/admin/includes/plugin-update.class.php on line 2767
[28-Feb-2023 00:13:59 UTC] PHP Deprecated:  Required parameter $access_token follows optional parameter $item_count in /home/alcurnia360/public_html/wp-content/plugins/revslider/includes/external-sources.class.php on line 68
[28-Feb-2023 00:13:59 UTC] PHP Deprecated:  Required parameter $access_token follows optional parameter $item_count in /home/alcurnia360/public_html/wp-content/plugins/revslider/includes/external-sources.class.php on line 85
[28-Feb-2023 00:13:59 UTC] PHP Deprecated:  Required parameter $current_photoset follows optional parameter $item_count in /home/alcurnia360/public_html/wp-content/plugins/revslider/includes/external-sources.class.php on line 1367
[28-Feb-2023 00:13:59 UTC] PHP Warning:  require_once(/home/alcurnia360/public_html/wp-content/themes/betheme/functions/importer/class-mfn-importer.php): Failed to open stream: No such file or directory in /home/alcurnia360/public_html/wp-content/themes/betheme/functions.php on line 183
[28-Feb-2023 00:13:59 UTC] PHP Fatal error:  Uncaught Error: Failed opening required '/home/alcurnia360/public_html/wp-content/themes/betheme/functions/importer/class-mfn-importer.php' (include_path='.:/opt/cpanel/ea-php80/root/usr/share/pear') in /home/alcurnia360/public_html/wp-content/themes/betheme/functions.php:183
Stack trace:
#0 /home/alcurnia360/public_html/wp-settings.php(497): include()
#1 /home/alcurnia360/public_html/wp-config.php(95): require_once('/home/alcurnia3...')
#2 /home/alcurnia360/public_html/wp-load.php(37): require_once('/home/alcurnia3...')
#3 /home/alcurnia360/public_html/wp-admin/admin.php(34): require_once('/home/alcurnia3...')
#4 /home/alcurnia360/public_html/wp-admin/index.php(10): require_once('/home/alcurnia3...')
#5 {main}
  thrown in /home/alcurnia360/public_html/wp-content/themes/betheme/functions.php on line 183
[28-Feb-2023 00:15:18 UTC] PHP Warning:  require_once(/home/alcurnia360/public_html/wp-content/themes/betheme/functions/importer/class-mfn-importer.php): failed to open stream: No such file or directory in /home/alcurnia360/public_html/wp-content/themes/betheme/functions.php on line 183
[28-Feb-2023 00:15:18 UTC] PHP Fatal error:  require_once(): Failed opening required '/home/alcurnia360/public_html/wp-content/themes/betheme/functions/importer/class-mfn-importer.php' (include_path='.:/opt/alt/php72/usr/share/pear') in /home/alcurnia360/public_html/wp-content/themes/betheme/functions.php on line 183
[28-Feb-2023 00:15:54 UTC] PHP Warning:  require_once(/home/alcurnia360/public_html/wp-content/themes/betheme/functions/importer/class-mfn-importer.php): failed to open stream: No such file or directory in /home/alcurnia360/public_html/wp-content/themes/betheme/functions.php on line 183
[28-Feb-2023 00:15:54 UTC] PHP Fatal error:  require_once(): Failed opening required '/home/alcurnia360/public_html/wp-content/themes/betheme/functions/importer/class-mfn-importer.php' (include_path='.:/opt/alt/php72/usr/share/pear') in /home/alcurnia360/public_html/wp-content/themes/betheme/functions.php on line 183
[28-Feb-2023 00:16:04 UTC] PHP Warning:  require_once(/home/alcurnia360/public_html/wp-content/themes/betheme/functions/importer/class-mfn-importer.php): failed to open stream: No such file or directory in /home/alcurnia360/public_html/wp-content/themes/betheme/functions.php on line 183
[28-Feb-2023 00:16:04 UTC] PHP Fatal error:  require_once(): Failed opening required '/home/alcurnia360/public_html/wp-content/themes/betheme/functions/importer/class-mfn-importer.php' (include_path='.:/opt/alt/php72/usr/share/pear') in /home/alcurnia360/public_html/wp-content/themes/betheme/functions.php on line 183
[28-Feb-2023 00:17:57 UTC] PHP Warning:  require_once(/home/alcurnia360/public_html/wp-content/themes/betheme/functions/importer/class-mfn-importer.php): failed to open stream: No such file or directory in /home/alcurnia360/public_html/wp-content/themes/betheme/functions.php on line 183
[28-Feb-2023 00:17:57 UTC] PHP Fatal error:  require_once(): Failed opening required '/home/alcurnia360/public_html/wp-content/themes/betheme/functions/importer/class-mfn-importer.php' (include_path='.:/opt/alt/php73/usr/share/pear') in /home/alcurnia360/public_html/wp-content/themes/betheme/functions.php on line 183
[28-Feb-2023 00:19:12 UTC] PHP Warning:  require_once(/home/alcurnia360/public_html/wp-content/themes/betheme/functions/importer/class-mfn-importer.php): failed to open stream: No such file or directory in /home/alcurnia360/public_html/wp-content/themes/betheme/functions.php on line 183
[28-Feb-2023 00:19:12 UTC] PHP Fatal error:  require_once(): Failed opening required '/home/alcurnia360/public_html/wp-content/themes/betheme/functions/importer/class-mfn-importer.php' (include_path='.:/opt/alt/php73/usr/share/pear') in /home/alcurnia360/public_html/wp-content/themes/betheme/functions.php on line 183
